2022-08-03 09:30:05.414  INFO 3664 --- [restartedMain] i.g.g.mscliente.MsclienteApplication     : Starting MsclienteApplication using Java 17.0.1 on DESKTOP-U77BLRJ with PID 3664 (C:\Users\User\microservice\microservice-nietzsche\mscliente\target\classes started by User in C:\Users\User\microservice\microservice-nietzsche)
2022-08-03 09:30:05.424  INFO 3664 --- [restartedMain] i.g.g.mscliente.MsclienteApplication     : No active profile set, falling back to 1 default profile: "default"
2022-08-03 09:30:05.736  INFO 3664 --- [restartedMain] .e.DevToolsPropertyDefaultsPostProcessor : Devtools property defaults active! Set 'spring.devtools.add-properties' to 'false' to disable
2022-08-03 09:30:05.737  INFO 3664 --- [restartedMain] .e.DevToolsPropertyDefaultsPostProcessor : For additional web related logging consider setting the 'logging.level.web' property to 'DEBUG'
2022-08-03 09:30:08.549  INFO 3664 --- [restartedMain] .s.d.r.c.RepositoryConfigurationDelegate : Bootstrapping Spring Data JPA repositories in DEFAULT mode.
2022-08-03 09:30:08.786  INFO 3664 --- [restartedMain] .s.d.r.c.RepositoryConfigurationDelegate : Finished Spring Data repository scanning in 213 ms. Found 1 JPA repository interfaces.
2022-08-03 09:30:09.290  INFO 3664 --- [restartedMain] o.s.cloud.context.scope.GenericScope     : BeanFactory id=b92967cf-fc6d-377d-9b98-9c9914b37e40
2022-08-03 09:30:10.758  INFO 3664 --- [restartedMain] o.s.b.w.embedded.tomcat.TomcatWebServer  : Tomcat initialized with port(s): 0 (http)
2022-08-03 09:30:10.788  INFO 3664 --- [restartedMain] o.apache.catalina.core.StandardService   : Starting service [Tomcat]
2022-08-03 09:30:10.789  INFO 3664 --- [restartedMain] org.apache.catalina.core.StandardEngine  : Starting Servlet engine: [Apache Tomcat/9.0.64]
2022-08-03 09:30:11.139  INFO 3664 --- [restartedMain] o.a.c.c.C.[Tomcat].[localhost].[/]       : Initializing Spring embedded WebApplicationContext
2022-08-03 09:30:11.141  INFO 3664 --- [restartedMain] w.s.c.ServletWebServerApplicationContext : Root WebApplicationContext: initialization completed in 5402 ms
2022-08-03 09:30:11.511  INFO 3664 --- [restartedMain] com.zaxxer.hikari.HikariDataSource       : HikariPool-1 - Starting...
2022-08-03 09:30:11.916  INFO 3664 --- [restartedMain] com.zaxxer.hikari.HikariDataSource       : HikariPool-1 - Start completed.
2022-08-03 09:30:11.937  INFO 3664 --- [restartedMain] o.s.b.a.h2.H2ConsoleAutoConfiguration    : H2 console available at '/h2-console'. Database available at 'jdbc:h2:mem:382f48a4-2d9f-4cd5-875c-c3a0c7b18fa7'
2022-08-03 09:30:12.993  INFO 3664 --- [restartedMain] o.hibernate.jpa.internal.util.LogHelper  : HHH000204: Processing PersistenceUnitInfo [name: default]
2022-08-03 09:30:13.223  INFO 3664 --- [restartedMain] org.hibernate.Version                    : HHH000412: Hibernate ORM core version 5.6.9.Final
2022-08-03 09:30:13.751  INFO 3664 --- [restartedMain] o.hibernate.annotations.common.Version   : HCANN000001: Hibernate Commons Annotations {5.1.2.Final}
2022-08-03 09:30:14.242  INFO 3664 --- [restartedMain] org.hibernate.dialect.Dialect            : HHH000400: Using dialect: org.hibernate.dialect.H2Dialect
2022-08-03 09:30:15.904  INFO 3664 --- [restartedMain] o.h.e.t.j.p.i.JtaPlatformInitiator       : HHH000490: Using JtaPlatform implementation: [org.hibernate.engine.transaction.jta.platform.internal.NoJtaPlatform]
2022-08-03 09:30:15.921  INFO 3664 --- [restartedMain] j.LocalContainerEntityManagerFactoryBean : Initialized JPA EntityManagerFactory for persistence unit 'default'
2022-08-03 09:30:17.445  WARN 3664 --- [restartedMain] JpaBaseConfiguration$JpaWebConfiguration : spring.jpa.open-in-view is enabled by default. Therefore, database queries may be performed during view rendering. Explicitly configure spring.jpa.open-in-view to disable this warning
2022-08-03 09:30:23.005  WARN 3664 --- [restartedMain] o.s.b.d.a.OptionalLiveReloadServer       : Unable to start LiveReload server
2022-08-03 09:30:23.448  INFO 3664 --- [restartedMain] DiscoveryClientOptionalArgsConfiguration : Eureka HTTP Client uses RestTemplate.
2022-08-03 09:30:23.982  WARN 3664 --- [restartedMain] iguration$LoadBalancerCaffeineWarnLogger : Spring Cloud LoadBalancer is currently working with the default cache. While this cache implementation is useful for development and tests, it's recommended to use Caffeine cache in production.You can switch to using Caffeine cache, by adding it and org.springframework.cache.caffeine.CaffeineCacheManager to the classpath.
2022-08-03 09:30:23.989  INFO 3664 --- [restartedMain] o.s.b.a.e.web.EndpointLinksResolver      : Exposing 17 endpoint(s) beneath base path '/actuator'
2022-08-03 09:30:24.208  INFO 3664 --- [restartedMain] o.s.b.w.embedded.tomcat.TomcatWebServer  : Tomcat started on port(s): 63045 (http) with context path ''
2022-08-03 09:30:24.213  INFO 3664 --- [restartedMain] .s.c.n.e.s.EurekaAutoServiceRegistration : Updating port to 63045
2022-08-03 09:30:24.235  INFO 3664 --- [restartedMain] o.s.c.n.eureka.InstanceInfoFactory       : Setting initial instance status as: STARTING
2022-08-03 09:30:24.607  INFO 3664 --- [restartedMain] com.netflix.discovery.DiscoveryClient    : Initializing Eureka in region us-east-1
2022-08-03 09:30:24.634  INFO 3664 --- [restartedMain] c.n.d.s.r.aws.ConfigClusterResolver      : Resolving eureka endpoints via configuration
2022-08-03 09:30:24.770  INFO 3664 --- [restartedMain] com.netflix.discovery.DiscoveryClient    : Disable delta property : false
2022-08-03 09:30:24.773  INFO 3664 --- [restartedMain] com.netflix.discovery.DiscoveryClient    : Single vip registry refresh property : null
2022-08-03 09:30:24.773  INFO 3664 --- [restartedMain] com.netflix.discovery.DiscoveryClient    : Force full registry fetch : false
2022-08-03 09:30:24.774  INFO 3664 --- [restartedMain] com.netflix.discovery.DiscoveryClient    : Application is null : false
2022-08-03 09:30:24.776  INFO 3664 --- [restartedMain] com.netflix.discovery.DiscoveryClient    : Registered Applications size is zero : true
2022-08-03 09:30:24.778  INFO 3664 --- [restartedMain] com.netflix.discovery.DiscoveryClient    : Application version is -1: true
2022-08-03 09:30:24.783  INFO 3664 --- [restartedMain] com.netflix.discovery.DiscoveryClient    : Getting all instance registry info from the eureka server
2022-08-03 09:30:25.954  INFO 3664 --- [restartedMain] com.netflix.discovery.DiscoveryClient    : The response status is 200
2022-08-03 09:30:25.966  INFO 3664 --- [restartedMain] com.netflix.discovery.DiscoveryClient    : Starting heartbeat executor: renew interval is: 30
2022-08-03 09:30:25.970  INFO 3664 --- [restartedMain] c.n.discovery.InstanceInfoReplicator     : InstanceInfoReplicator onDemand update allowed rate per min is 4
2022-08-03 09:30:25.982  INFO 3664 --- [restartedMain] com.netflix.discovery.DiscoveryClient    : Discovery Client initialized at timestamp 1659529825979 with initial instances count: 1
2022-08-03 09:30:25.985  INFO 3664 --- [restartedMain] o.s.c.n.e.s.EurekaServiceRegistry        : Registering application MSCLIENTES with eureka with status UP
2022-08-03 09:30:25.986  INFO 3664 --- [restartedMain] com.netflix.discovery.DiscoveryClient    : Saw local status change event StatusChangeEvent [timestamp=1659529825986, current=UP, previous=STARTING]
2022-08-03 09:30:26.004  INFO 3664 --- [DiscoveryClient-InstanceInfoReplicator-0] com.netflix.discovery.DiscoveryClient    : DiscoveryClient_MSCLIENTES/msclientes:f34bd10b1855db127f8dfb7c73860c12: registering service...
2022-08-03 09:30:26.422  INFO 3664 --- [DiscoveryClient-InstanceInfoReplicator-0] com.netflix.discovery.DiscoveryClient    : DiscoveryClient_MSCLIENTES/msclientes:f34bd10b1855db127f8dfb7c73860c12 - registration status: 204
2022-08-03 09:30:26.662  INFO 3664 --- [restartedMain] i.g.g.mscliente.MsclienteApplication     : Started MsclienteApplication in 24.452 seconds (JVM running for 27.188)
2022-08-03 09:30:54.219  INFO 3664 --- [http-nio-auto-1-exec-1] o.a.c.c.C.[Tomcat].[localhost].[/]       : Initializing Spring DispatcherServlet 'dispatcherServlet'
2022-08-03 09:30:54.220  INFO 3664 --- [http-nio-auto-1-exec-1] o.s.web.servlet.DispatcherServlet        : Initializing Servlet 'dispatcherServlet'
2022-08-03 09:30:54.247  INFO 3664 --- [http-nio-auto-1-exec-1] o.s.web.servlet.DispatcherServlet        : Completed initialization in 26 ms
2022-08-03 09:35:24.794  INFO 3664 --- [AsyncResolver-bootstrap-executor-0] c.n.d.s.r.aws.ConfigClusterResolver      : Resolving eureka endpoints via configuration
